<?xml version="1.0" encoding="UTF-8"?>
<testng-results ignored="0" total="74" passed="74" failed="0" skipped="0">
  <reporter-output>
  </reporter-output>
  <suite started-at="2023-04-12T22:04:39 EDT" name="Default suite" finished-at="2023-04-12T22:07:02 EDT" duration-ms="142529">
    <groups>
      <group name="cucumber">
        <method signature="AbstractTestNGCucumberTests.runScenario(io.cucumber.testng.PickleWrapper,io.cucumber.testng.FeatureWrapper)[pri:0, instance:ds.algo.testrunner.DSAlgoTestRunner@39655d3e]" name="runScenario" class="io.cucumber.testng.AbstractTestNGCucumberTests"/>
      </group> <!-- cucumber -->
    </groups>
    <test started-at="2023-04-12T22:04:39 EDT" name="Default test" finished-at="2023-04-12T22:07:02 EDT" duration-ms="142529">
      <class name="ds.algo.testrunner.DSAlgoTestRunner">
        <test-method is-config="true" signature="setUpClass(org.testng.ITestContext)[pri:0, instance:ds.algo.testrunner.DSAlgoTestRunner@39655d3e]" started-at="2023-04-12T22:04:39 EDT" name="setUpClass" finished-at="2023-04-12T22:04:40 EDT" duration-ms="578" status="PASS">
          <params>
            <param index="0">
              <value>
                <![CDATA[org.testng.TestRunner@27c2f134]]>
              </value>
            </param>
          </params>
          <reporter-output>
          </reporter-output>
        </test-method> <!-- setUpClass -->
        <test-method signature="runScenario(io.cucumber.testng.PickleWrapper,io.cucumber.testng.FeatureWrapper)[pri:0, instance:ds.algo.testrunner.DSAlgoTestRunner@39655d3e]" started-at="2023-04-12T22:04:40 EDT" name="runScenario" description="Runs Cucumber Scenarios" data-provider="scenarios" finished-at="2023-04-12T22:04:43 EDT" duration-ms="3652" status="PASS">
          <params>
            <param index="0">
              <value>
                <![CDATA["User is able to launch the page successfully"]]>
              </value>
            </param>
            <param index="1">
              <value>
                <![CDATA["Homepage launch"]]>
              </value>
            </param>
          </params>
          <reporter-output>
          </reporter-output>
        </test-method> <!-- runScenario -->
        <test-method signature="runScenario(io.cucumber.testng.PickleWrapper,io.cucumber.testng.FeatureWrapper)[pri:0, instance:ds.algo.testrunner.DSAlgoTestRunner@39655d3e]" started-at="2023-04-12T22:04:43 EDT" name="runScenario" description="Runs Cucumber Scenarios" data-provider="scenarios" finished-at="2023-04-12T22:04:44 EDT" duration-ms="288" status="PASS">
          <params>
            <param index="0">
              <value>
                <![CDATA["User gets error when click on Linked List section without sign-in"]]>
              </value>
            </param>
            <param index="1">
              <value>
                <![CDATA["Homepage launch"]]>
              </value>
            </param>
          </params>
          <reporter-output>
          </reporter-output>
        </test-method> <!-- runScenario -->
        <test-method signature="runScenario(io.cucumber.testng.PickleWrapper,io.cucumber.testng.FeatureWrapper)[pri:0, instance:ds.algo.testrunner.DSAlgoTestRunner@39655d3e]" started-at="2023-04-12T22:04:44 EDT" name="runScenario" description="Runs Cucumber Scenarios" data-provider="scenarios" finished-at="2023-04-12T22:04:44 EDT" duration-ms="332" status="PASS">
          <params>
            <param index="0">
              <value>
                <![CDATA["User gets error when click on Stack section without sign-in"]]>
              </value>
            </param>
            <param index="1">
              <value>
                <![CDATA["Homepage launch"]]>
              </value>
            </param>
          </params>
          <reporter-output>
          </reporter-output>
        </test-method> <!-- runScenario -->
        <test-method signature="runScenario(io.cucumber.testng.PickleWrapper,io.cucumber.testng.FeatureWrapper)[pri:0, instance:ds.algo.testrunner.DSAlgoTestRunner@39655d3e]" started-at="2023-04-12T22:04:44 EDT" name="runScenario" description="Runs Cucumber Scenarios" data-provider="scenarios" finished-at="2023-04-12T22:04:44 EDT" duration-ms="366" status="PASS">
          <params>
            <param index="0">
              <value>
                <![CDATA["User gets error when click on Queue section without sign-in"]]>
              </value>
            </param>
            <param index="1">
              <value>
                <![CDATA["Homepage launch"]]>
              </value>
            </param>
          </params>
          <reporter-output>
          </reporter-output>
        </test-method> <!-- runScenario -->
        <test-method signature="runScenario(io.cucumber.testng.PickleWrapper,io.cucumber.testng.FeatureWrapper)[pri:0, instance:ds.algo.testrunner.DSAlgoTestRunner@39655d3e]" started-at="2023-04-12T22:04:44 EDT" name="runScenario" description="Runs Cucumber Scenarios" data-provider="scenarios" finished-at="2023-04-12T22:04:45 EDT" duration-ms="376" status="PASS">
          <params>
            <param index="0">
              <value>
                <![CDATA["User gets error when click on Tree section without sign-in"]]>
              </value>
            </param>
            <param index="1">
              <value>
                <![CDATA["Homepage launch"]]>
              </value>
            </param>
          </params>
          <reporter-output>
          </reporter-output>
        </test-method> <!-- runScenario -->
        <test-method signature="runScenario(io.cucumber.testng.PickleWrapper,io.cucumber.testng.FeatureWrapper)[pri:0, instance:ds.algo.testrunner.DSAlgoTestRunner@39655d3e]" started-at="2023-04-12T22:04:45 EDT" name="runScenario" description="Runs Cucumber Scenarios" data-provider="scenarios" finished-at="2023-04-12T22:04:45 EDT" duration-ms="296" status="PASS">
          <params>
            <param index="0">
              <value>
                <![CDATA["User gets error when click on Graph section without sign-in"]]>
              </value>
            </param>
            <param index="1">
              <value>
                <![CDATA["Homepage launch"]]>
              </value>
            </param>
          </params>
          <reporter-output>
          </reporter-output>
        </test-method> <!-- runScenario -->
        <test-method signature="runScenario(io.cucumber.testng.PickleWrapper,io.cucumber.testng.FeatureWrapper)[pri:0, instance:ds.algo.testrunner.DSAlgoTestRunner@39655d3e]" started-at="2023-04-12T22:04:45 EDT" name="runScenario" description="Runs Cucumber Scenarios" data-provider="scenarios" finished-at="2023-04-12T22:04:45 EDT" duration-ms="151" status="PASS">
          <params>
            <param index="0">
              <value>
                <![CDATA["User is able to navigate to Register page"]]>
              </value>
            </param>
            <param index="1">
              <value>
                <![CDATA["Homepage launch"]]>
              </value>
            </param>
          </params>
          <reporter-output>
          </reporter-output>
        </test-method> <!-- runScenario -->
        <test-method signature="runScenario(io.cucumber.testng.PickleWrapper,io.cucumber.testng.FeatureWrapper)[pri:0, instance:ds.algo.testrunner.DSAlgoTestRunner@39655d3e]" started-at="2023-04-12T22:04:45 EDT" name="runScenario" description="Runs Cucumber Scenarios" data-provider="scenarios" finished-at="2023-04-12T22:04:47 EDT" duration-ms="2078" status="PASS">
          <params>
            <param index="0">
              <value>
                <![CDATA["Click Register button with empty fields"]]>
              </value>
            </param>
            <param index="1">
              <value>
                <![CDATA["User registration"]]>
              </value>
            </param>
          </params>
          <reporter-output>
          </reporter-output>
        </test-method> <!-- runScenario -->
        <test-method signature="runScenario(io.cucumber.testng.PickleWrapper,io.cucumber.testng.FeatureWrapper)[pri:0, instance:ds.algo.testrunner.DSAlgoTestRunner@39655d3e]" started-at="2023-04-12T22:04:47 EDT" name="runScenario" description="Runs Cucumber Scenarios" data-provider="scenarios" finished-at="2023-04-12T22:04:50 EDT" duration-ms="2323" status="PASS">
          <params>
            <param index="0">
              <value>
                <![CDATA["Check Login functionality on the register page"]]>
              </value>
            </param>
            <param index="1">
              <value>
                <![CDATA["User registration"]]>
              </value>
            </param>
          </params>
          <reporter-output>
          </reporter-output>
        </test-method> <!-- runScenario -->
        <test-method signature="runScenario(io.cucumber.testng.PickleWrapper,io.cucumber.testng.FeatureWrapper)[pri:0, instance:ds.algo.testrunner.DSAlgoTestRunner@39655d3e]" started-at="2023-04-12T22:04:50 EDT" name="runScenario" description="Runs Cucumber Scenarios" data-provider="scenarios" finished-at="2023-04-12T22:04:52 EDT" duration-ms="2461" status="PASS">
          <params>
            <param index="0">
              <value>
                <![CDATA["Register successfully with valid data"]]>
              </value>
            </param>
            <param index="1">
              <value>
                <![CDATA["User registration"]]>
              </value>
            </param>
          </params>
          <reporter-output>
          </reporter-output>
        </test-method> <!-- runScenario -->
        <test-method signature="runScenario(io.cucumber.testng.PickleWrapper,io.cucumber.testng.FeatureWrapper)[pri:0, instance:ds.algo.testrunner.DSAlgoTestRunner@39655d3e]" started-at="2023-04-12T22:04:52 EDT" name="runScenario" description="Runs Cucumber Scenarios" data-provider="scenarios" finished-at="2023-04-12T22:04:52 EDT" duration-ms="339" status="PASS">
          <params>
            <param index="0">
              <value>
                <![CDATA["check sign out"]]>
              </value>
            </param>
            <param index="1">
              <value>
                <![CDATA["User registration"]]>
              </value>
            </param>
          </params>
          <reporter-output>
          </reporter-output>
        </test-method> <!-- runScenario -->
        <test-method signature="runScenario(io.cucumber.testng.PickleWrapper,io.cucumber.testng.FeatureWrapper)[pri:0, instance:ds.algo.testrunner.DSAlgoTestRunner@39655d3e]" started-at="2023-04-12T22:04:52 EDT" name="runScenario" description="Runs Cucumber Scenarios" data-provider="scenarios" finished-at="2023-04-12T22:04:54 EDT" duration-ms="1312" status="PASS">
          <params>
            <param index="0">
              <value>
                <![CDATA["Sign in with invalid credentials"]]>
              </value>
            </param>
            <param index="1">
              <value>
                <![CDATA["User Login"]]>
              </value>
            </param>
          </params>
          <reporter-output>
          </reporter-output>
        </test-method> <!-- runScenario -->
        <test-method signature="runScenario(io.cucumber.testng.PickleWrapper,io.cucumber.testng.FeatureWrapper)[pri:0, instance:ds.algo.testrunner.DSAlgoTestRunner@39655d3e]" started-at="2023-04-12T22:04:54 EDT" name="runScenario" description="Runs Cucumber Scenarios" data-provider="scenarios" finished-at="2023-04-12T22:04:55 EDT" duration-ms="1308" status="PASS">
          <params>
            <param index="0">
              <value>
                <![CDATA["Sign in with invalid credentials"]]>
              </value>
            </param>
            <param index="1">
              <value>
                <![CDATA["User Login"]]>
              </value>
            </param>
          </params>
          <reporter-output>
          </reporter-output>
        </test-method> <!-- runScenario -->
        <test-method signature="runScenario(io.cucumber.testng.PickleWrapper,io.cucumber.testng.FeatureWrapper)[pri:0, instance:ds.algo.testrunner.DSAlgoTestRunner@39655d3e]" started-at="2023-04-12T22:04:55 EDT" name="runScenario" description="Runs Cucumber Scenarios" data-provider="scenarios" finished-at="2023-04-12T22:05:00 EDT" duration-ms="5180" status="PASS">
          <params>
            <param index="0">
              <value>
                <![CDATA["Check Invalid login with data table"]]>
              </value>
            </param>
            <param index="1">
              <value>
                <![CDATA["User Login"]]>
              </value>
            </param>
          </params>
          <reporter-output>
          </reporter-output>
        </test-method> <!-- runScenario -->
        <test-method signature="runScenario(io.cucumber.testng.PickleWrapper,io.cucumber.testng.FeatureWrapper)[pri:0, instance:ds.algo.testrunner.DSAlgoTestRunner@39655d3e]" started-at="2023-04-12T22:05:00 EDT" name="runScenario" description="Runs Cucumber Scenarios" data-provider="scenarios" finished-at="2023-04-12T22:05:05 EDT" duration-ms="4753" status="PASS">
          <params>
            <param index="0">
              <value>
                <![CDATA["Check Invalid login with excelsheet data"]]>
              </value>
            </param>
            <param index="1">
              <value>
                <![CDATA["User Login"]]>
              </value>
            </param>
          </params>
          <reporter-output>
          </reporter-output>
        </test-method> <!-- runScenario -->
        <test-method signature="runScenario(io.cucumber.testng.PickleWrapper,io.cucumber.testng.FeatureWrapper)[pri:0, instance:ds.algo.testrunner.DSAlgoTestRunner@39655d3e]" started-at="2023-04-12T22:05:05 EDT" name="runScenario" description="Runs Cucumber Scenarios" data-provider="scenarios" finished-at="2023-04-12T22:05:06 EDT" duration-ms="1447" status="PASS">
          <params>
            <param index="0">
              <value>
                <![CDATA["Sign In with valid credentials"]]>
              </value>
            </param>
            <param index="1">
              <value>
                <![CDATA["User Login"]]>
              </value>
            </param>
          </params>
          <reporter-output>
          </reporter-output>
        </test-method> <!-- runScenario -->
        <test-method signature="runScenario(io.cucumber.testng.PickleWrapper,io.cucumber.testng.FeatureWrapper)[pri:0, instance:ds.algo.testrunner.DSAlgoTestRunner@39655d3e]" started-at="2023-04-12T22:05:06 EDT" name="runScenario" description="Runs Cucumber Scenarios" data-provider="scenarios" finished-at="2023-04-12T22:05:07 EDT" duration-ms="252" status="PASS">
          <params>
            <param index="0">
              <value>
                <![CDATA["Check the get started functionlity on DataStructure section"]]>
              </value>
            </param>
            <param index="1">
              <value>
                <![CDATA["DataStructure page"]]>
              </value>
            </param>
          </params>
          <reporter-output>
          </reporter-output>
        </test-method> <!-- runScenario -->
        <test-method signature="runScenario(io.cucumber.testng.PickleWrapper,io.cucumber.testng.FeatureWrapper)[pri:0, instance:ds.algo.testrunner.DSAlgoTestRunner@39655d3e]" started-at="2023-04-12T22:05:07 EDT" name="runScenario" description="Runs Cucumber Scenarios" data-provider="scenarios" finished-at="2023-04-12T22:05:07 EDT" duration-ms="216" status="PASS">
          <params>
            <param index="0">
              <value>
                <![CDATA["The user is able to navigate to Time Complexity page"]]>
              </value>
            </param>
            <param index="1">
              <value>
                <![CDATA["DataStructure page"]]>
              </value>
            </param>
          </params>
          <reporter-output>
          </reporter-output>
        </test-method> <!-- runScenario -->
        <test-method signature="runScenario(io.cucumber.testng.PickleWrapper,io.cucumber.testng.FeatureWrapper)[pri:0, instance:ds.algo.testrunner.DSAlgoTestRunner@39655d3e]" started-at="2023-04-12T22:05:07 EDT" name="runScenario" description="Runs Cucumber Scenarios" data-provider="scenarios" finished-at="2023-04-12T22:05:10 EDT" duration-ms="3157" status="PASS">
          <params>
            <param index="0">
              <value>
                <![CDATA["The user is able run code in tryEditor with invalid data"]]>
              </value>
            </param>
            <param index="1">
              <value>
                <![CDATA["DataStructure page"]]>
              </value>
            </param>
          </params>
          <reporter-output>
          </reporter-output>
        </test-method> <!-- runScenario -->
        <test-method signature="runScenario(io.cucumber.testng.PickleWrapper,io.cucumber.testng.FeatureWrapper)[pri:0, instance:ds.algo.testrunner.DSAlgoTestRunner@39655d3e]" started-at="2023-04-12T22:05:10 EDT" name="runScenario" description="Runs Cucumber Scenarios" data-provider="scenarios" finished-at="2023-04-12T22:05:12 EDT" duration-ms="1469" status="PASS">
          <params>
            <param index="0">
              <value>
                <![CDATA["The user is able run code in tryEditor for Time Complexity page"]]>
              </value>
            </param>
            <param index="1">
              <value>
                <![CDATA["DataStructure page"]]>
              </value>
            </param>
          </params>
          <reporter-output>
          </reporter-output>
        </test-method> <!-- runScenario -->
        <test-method signature="runScenario(io.cucumber.testng.PickleWrapper,io.cucumber.testng.FeatureWrapper)[pri:0, instance:ds.algo.testrunner.DSAlgoTestRunner@39655d3e]" started-at="2023-04-12T22:05:12 EDT" name="runScenario" description="Runs Cucumber Scenarios" data-provider="scenarios" finished-at="2023-04-12T22:05:12 EDT" duration-ms="560" status="PASS">
          <params>
            <param index="0">
              <value>
                <![CDATA["User is navigated to Arrays page from home page"]]>
              </value>
            </param>
            <param index="1">
              <value>
                <![CDATA["To validate Array"]]>
              </value>
            </param>
          </params>
          <reporter-output>
          </reporter-output>
        </test-method> <!-- runScenario -->
        <test-method signature="runScenario(io.cucumber.testng.PickleWrapper,io.cucumber.testng.FeatureWrapper)[pri:0, instance:ds.algo.testrunner.DSAlgoTestRunner@39655d3e]" started-at="2023-04-12T22:05:12 EDT" name="runScenario" description="Runs Cucumber Scenarios" data-provider="scenarios" finished-at="2023-04-12T22:05:16 EDT" duration-ms="3636" status="PASS">
          <params>
            <param index="0">
              <value>
                <![CDATA["User is navigated from arrays in python page to run on text editor with invalid python code"]]>
              </value>
            </param>
            <param index="1">
              <value>
                <![CDATA["To validate Array"]]>
              </value>
            </param>
          </params>
          <reporter-output>
          </reporter-output>
        </test-method> <!-- runScenario -->
        <test-method signature="runScenario(io.cucumber.testng.PickleWrapper,io.cucumber.testng.FeatureWrapper)[pri:0, instance:ds.algo.testrunner.DSAlgoTestRunner@39655d3e]" started-at="2023-04-12T22:05:16 EDT" name="runScenario" description="Runs Cucumber Scenarios" data-provider="scenarios" finished-at="2023-04-12T22:05:18 EDT" duration-ms="2328" status="PASS">
          <params>
            <param index="0">
              <value>
                <![CDATA["User is navigated from arrays in python page to run on text editor"]]>
              </value>
            </param>
            <param index="1">
              <value>
                <![CDATA["To validate Array"]]>
              </value>
            </param>
          </params>
          <reporter-output>
          </reporter-output>
        </test-method> <!-- runScenario -->
        <test-method signature="runScenario(io.cucumber.testng.PickleWrapper,io.cucumber.testng.FeatureWrapper)[pri:0, instance:ds.algo.testrunner.DSAlgoTestRunner@39655d3e]" started-at="2023-04-12T22:05:18 EDT" name="runScenario" description="Runs Cucumber Scenarios" data-provider="scenarios" finished-at="2023-04-12T22:05:22 EDT" duration-ms="4057" status="PASS">
          <params>
            <param index="0">
              <value>
                <![CDATA["User is navigated from arrays using list page to run on text editor"]]>
              </value>
            </param>
            <param index="1">
              <value>
                <![CDATA["To validate Array"]]>
              </value>
            </param>
          </params>
          <reporter-output>
          </reporter-output>
        </test-method> <!-- runScenario -->
        <test-method signature="runScenario(io.cucumber.testng.PickleWrapper,io.cucumber.testng.FeatureWrapper)[pri:0, instance:ds.algo.testrunner.DSAlgoTestRunner@39655d3e]" started-at="2023-04-12T22:05:22 EDT" name="runScenario" description="Runs Cucumber Scenarios" data-provider="scenarios" finished-at="2023-04-12T22:05:25 EDT" duration-ms="2646" status="PASS">
          <params>
            <param index="0">
              <value>
                <![CDATA["User is navigated from arrays using list page to run on text editor"]]>
              </value>
            </param>
            <param index="1">
              <value>
                <![CDATA["To validate Array"]]>
              </value>
            </param>
          </params>
          <reporter-output>
          </reporter-output>
        </test-method> <!-- runScenario -->
        <test-method signature="runScenario(io.cucumber.testng.PickleWrapper,io.cucumber.testng.FeatureWrapper)[pri:0, instance:ds.algo.testrunner.DSAlgoTestRunner@39655d3e]" started-at="2023-04-12T22:05:25 EDT" name="runScenario" description="Runs Cucumber Scenarios" data-provider="scenarios" finished-at="2023-04-12T22:05:29 EDT" duration-ms="3904" status="PASS">
          <params>
            <param index="0">
              <value>
                <![CDATA["User is navigated from Basic Operations in Lists page to run on text editor"]]>
              </value>
            </param>
            <param index="1">
              <value>
                <![CDATA["To validate Array"]]>
              </value>
            </param>
          </params>
          <reporter-output>
          </reporter-output>
        </test-method> <!-- runScenario -->
        <test-method signature="runScenario(io.cucumber.testng.PickleWrapper,io.cucumber.testng.FeatureWrapper)[pri:0, instance:ds.algo.testrunner.DSAlgoTestRunner@39655d3e]" started-at="2023-04-12T22:05:29 EDT" name="runScenario" description="Runs Cucumber Scenarios" data-provider="scenarios" finished-at="2023-04-12T22:05:31 EDT" duration-ms="2644" status="PASS">
          <params>
            <param index="0">
              <value>
                <![CDATA["User is navigated from Basic Operations in Lists page to run on text editor"]]>
              </value>
            </param>
            <param index="1">
              <value>
                <![CDATA["To validate Array"]]>
              </value>
            </param>
          </params>
          <reporter-output>
          </reporter-output>
        </test-method> <!-- runScenario -->
        <test-method signature="runScenario(io.cucumber.testng.PickleWrapper,io.cucumber.testng.FeatureWrapper)[pri:0, instance:ds.algo.testrunner.DSAlgoTestRunner@39655d3e]" started-at="2023-04-12T22:05:31 EDT" name="runScenario" description="Runs Cucumber Scenarios" data-provider="scenarios" finished-at="2023-04-12T22:05:35 EDT" duration-ms="4131" status="PASS">
          <params>
            <param index="0">
              <value>
                <![CDATA["User is navigated from Applications of Array page to run on text editor"]]>
              </value>
            </param>
            <param index="1">
              <value>
                <![CDATA["To validate Array"]]>
              </value>
            </param>
          </params>
          <reporter-output>
          </reporter-output>
        </test-method> <!-- runScenario -->
        <test-method signature="runScenario(io.cucumber.testng.PickleWrapper,io.cucumber.testng.FeatureWrapper)[pri:0, instance:ds.algo.testrunner.DSAlgoTestRunner@39655d3e]" started-at="2023-04-12T22:05:35 EDT" name="runScenario" description="Runs Cucumber Scenarios" data-provider="scenarios" finished-at="2023-04-12T22:05:38 EDT" duration-ms="2750" status="PASS">
          <params>
            <param index="0">
              <value>
                <![CDATA["User is navigated from Applications of Array page to run on text editor"]]>
              </value>
            </param>
            <param index="1">
              <value>
                <![CDATA["To validate Array"]]>
              </value>
            </param>
          </params>
          <reporter-output>
          </reporter-output>
        </test-method> <!-- runScenario -->
        <test-method signature="runScenario(io.cucumber.testng.PickleWrapper,io.cucumber.testng.FeatureWrapper)[pri:0, instance:ds.algo.testrunner.DSAlgoTestRunner@39655d3e]" started-at="2023-04-12T22:05:38 EDT" name="runScenario" description="Runs Cucumber Scenarios" data-provider="scenarios" finished-at="2023-04-12T22:05:38 EDT" duration-ms="227" status="PASS">
          <params>
            <param index="0">
              <value>
                <![CDATA["User navigates from home page to linkedlist page"]]>
              </value>
            </param>
            <param index="1">
              <value>
                <![CDATA["Validate Linkedlist"]]>
              </value>
            </param>
          </params>
          <reporter-output>
          </reporter-output>
        </test-method> <!-- runScenario -->
        <test-method signature="runScenario(io.cucumber.testng.PickleWrapper,io.cucumber.testng.FeatureWrapper)[pri:0, instance:ds.algo.testrunner.DSAlgoTestRunner@39655d3e]" started-at="2023-04-12T22:05:38 EDT" name="runScenario" description="Runs Cucumber Scenarios" data-provider="scenarios" finished-at="2023-04-12T22:05:39 EDT" duration-ms="572" status="PASS">
          <params>
            <param index="0">
              <value>
                <![CDATA["User navigates from linked list page to text editor page"]]>
              </value>
            </param>
            <param index="1">
              <value>
                <![CDATA["Validate Linkedlist"]]>
              </value>
            </param>
          </params>
          <reporter-output>
          </reporter-output>
        </test-method> <!-- runScenario -->
        <test-method signature="runScenario(io.cucumber.testng.PickleWrapper,io.cucumber.testng.FeatureWrapper)[pri:0, instance:ds.algo.testrunner.DSAlgoTestRunner@39655d3e]" started-at="2023-04-12T22:05:39 EDT" name="runScenario" description="Runs Cucumber Scenarios" data-provider="scenarios" finished-at="2023-04-12T22:05:40 EDT" duration-ms="701" status="PASS">
          <params>
            <param index="0">
              <value>
                <![CDATA["User navigates from Create linked list to text editor page"]]>
              </value>
            </param>
            <param index="1">
              <value>
                <![CDATA["Validate Linkedlist"]]>
              </value>
            </param>
          </params>
          <reporter-output>
          </reporter-output>
        </test-method> <!-- runScenario -->
        <test-method signature="runScenario(io.cucumber.testng.PickleWrapper,io.cucumber.testng.FeatureWrapper)[pri:0, instance:ds.algo.testrunner.DSAlgoTestRunner@39655d3e]" started-at="2023-04-12T22:05:40 EDT" name="runScenario" description="Runs Cucumber Scenarios" data-provider="scenarios" finished-at="2023-04-12T22:05:40 EDT" duration-ms="727" status="PASS">
          <params>
            <param index="0">
              <value>
                <![CDATA["User navigate from Types of linked List to text editor page"]]>
              </value>
            </param>
            <param index="1">
              <value>
                <![CDATA["Validate Linkedlist"]]>
              </value>
            </param>
          </params>
          <reporter-output>
          </reporter-output>
        </test-method> <!-- runScenario -->
        <test-method signature="runScenario(io.cucumber.testng.PickleWrapper,io.cucumber.testng.FeatureWrapper)[pri:0, instance:ds.algo.testrunner.DSAlgoTestRunner@39655d3e]" started-at="2023-04-12T22:05:40 EDT" name="runScenario" description="Runs Cucumber Scenarios" data-provider="scenarios" finished-at="2023-04-12T22:05:41 EDT" duration-ms="681" status="PASS">
          <params>
            <param index="0">
              <value>
                <![CDATA["User navigate from Implement Linked List in python to text editor"]]>
              </value>
            </param>
            <param index="1">
              <value>
                <![CDATA["Validate Linkedlist"]]>
              </value>
            </param>
          </params>
          <reporter-output>
          </reporter-output>
        </test-method> <!-- runScenario -->
        <test-method signature="runScenario(io.cucumber.testng.PickleWrapper,io.cucumber.testng.FeatureWrapper)[pri:0, instance:ds.algo.testrunner.DSAlgoTestRunner@39655d3e]" started-at="2023-04-12T22:05:41 EDT" name="runScenario" description="Runs Cucumber Scenarios" data-provider="scenarios" finished-at="2023-04-12T22:05:42 EDT" duration-ms="833" status="PASS">
          <params>
            <param index="0">
              <value>
                <![CDATA["User navigate from Traversal to text editor"]]>
              </value>
            </param>
            <param index="1">
              <value>
                <![CDATA["Validate Linkedlist"]]>
              </value>
            </param>
          </params>
          <reporter-output>
          </reporter-output>
        </test-method> <!-- runScenario -->
        <test-method signature="runScenario(io.cucumber.testng.PickleWrapper,io.cucumber.testng.FeatureWrapper)[pri:0, instance:ds.algo.testrunner.DSAlgoTestRunner@39655d3e]" started-at="2023-04-12T22:05:42 EDT" name="runScenario" description="Runs Cucumber Scenarios" data-provider="scenarios" finished-at="2023-04-12T22:05:43 EDT" duration-ms="660" status="PASS">
          <params>
            <param index="0">
              <value>
                <![CDATA["User navigate from Insertion to text editor"]]>
              </value>
            </param>
            <param index="1">
              <value>
                <![CDATA["Validate Linkedlist"]]>
              </value>
            </param>
          </params>
          <reporter-output>
          </reporter-output>
        </test-method> <!-- runScenario -->
        <test-method signature="runScenario(io.cucumber.testng.PickleWrapper,io.cucumber.testng.FeatureWrapper)[pri:0, instance:ds.algo.testrunner.DSAlgoTestRunner@39655d3e]" started-at="2023-04-12T22:05:43 EDT" name="runScenario" description="Runs Cucumber Scenarios" data-provider="scenarios" finished-at="2023-04-12T22:05:44 EDT" duration-ms="1783" status="PASS">
          <params>
            <param index="0">
              <value>
                <![CDATA["User navigate from Deletion to text editor page"]]>
              </value>
            </param>
            <param index="1">
              <value>
                <![CDATA["Validate Linkedlist"]]>
              </value>
            </param>
          </params>
          <reporter-output>
          </reporter-output>
        </test-method> <!-- runScenario -->
        <test-method signature="runScenario(io.cucumber.testng.PickleWrapper,io.cucumber.testng.FeatureWrapper)[pri:0, instance:ds.algo.testrunner.DSAlgoTestRunner@39655d3e]" started-at="2023-04-12T22:05:44 EDT" name="runScenario" description="Runs Cucumber Scenarios" data-provider="scenarios" finished-at="2023-04-12T22:05:45 EDT" duration-ms="188" status="PASS">
          <params>
            <param index="0">
              <value>
                <![CDATA["Validate user is navigated to the Stack Data Structure page"]]>
              </value>
            </param>
            <param index="1">
              <value>
                <![CDATA["Test the functionalites on Stack data structure page"]]>
              </value>
            </param>
          </params>
          <reporter-output>
          </reporter-output>
        </test-method> <!-- runScenario -->
        <test-method signature="runScenario(io.cucumber.testng.PickleWrapper,io.cucumber.testng.FeatureWrapper)[pri:0, instance:ds.algo.testrunner.DSAlgoTestRunner@39655d3e]" started-at="2023-04-12T22:05:45 EDT" name="runScenario" description="Runs Cucumber Scenarios" data-provider="scenarios" finished-at="2023-04-12T22:05:47 EDT" duration-ms="2737" status="PASS">
          <params>
            <param index="0">
              <value>
                <![CDATA["Validate the functionality of Operations in Stack page for invalid data"]]>
              </value>
            </param>
            <param index="1">
              <value>
                <![CDATA["Test the functionalites on Stack data structure page"]]>
              </value>
            </param>
          </params>
          <reporter-output>
          </reporter-output>
        </test-method> <!-- runScenario -->
        <test-method signature="runScenario(io.cucumber.testng.PickleWrapper,io.cucumber.testng.FeatureWrapper)[pri:0, instance:ds.algo.testrunner.DSAlgoTestRunner@39655d3e]" started-at="2023-04-12T22:05:47 EDT" name="runScenario" description="Runs Cucumber Scenarios" data-provider="scenarios" finished-at="2023-04-12T22:05:49 EDT" duration-ms="1211" status="PASS">
          <params>
            <param index="0">
              <value>
                <![CDATA["Validate the functionality of Operations in Stack page for valid data"]]>
              </value>
            </param>
            <param index="1">
              <value>
                <![CDATA["Test the functionalites on Stack data structure page"]]>
              </value>
            </param>
          </params>
          <reporter-output>
          </reporter-output>
        </test-method> <!-- runScenario -->
        <test-method signature="runScenario(io.cucumber.testng.PickleWrapper,io.cucumber.testng.FeatureWrapper)[pri:0, instance:ds.algo.testrunner.DSAlgoTestRunner@39655d3e]" started-at="2023-04-12T22:05:49 EDT" name="runScenario" description="Runs Cucumber Scenarios" data-provider="scenarios" finished-at="2023-04-12T22:05:51 EDT" duration-ms="2643" status="PASS">
          <params>
            <param index="0">
              <value>
                <![CDATA["Validate the functionality of Implementation page for invalid data"]]>
              </value>
            </param>
            <param index="1">
              <value>
                <![CDATA["Test the functionalites on Stack data structure page"]]>
              </value>
            </param>
          </params>
          <reporter-output>
          </reporter-output>
        </test-method> <!-- runScenario -->
        <test-method signature="runScenario(io.cucumber.testng.PickleWrapper,io.cucumber.testng.FeatureWrapper)[pri:0, instance:ds.algo.testrunner.DSAlgoTestRunner@39655d3e]" started-at="2023-04-12T22:05:51 EDT" name="runScenario" description="Runs Cucumber Scenarios" data-provider="scenarios" finished-at="2023-04-12T22:05:52 EDT" duration-ms="1182" status="PASS">
          <params>
            <param index="0">
              <value>
                <![CDATA["Validate the functionality of Implementation page for valid data"]]>
              </value>
            </param>
            <param index="1">
              <value>
                <![CDATA["Test the functionalites on Stack data structure page"]]>
              </value>
            </param>
          </params>
          <reporter-output>
          </reporter-output>
        </test-method> <!-- runScenario -->
        <test-method signature="runScenario(io.cucumber.testng.PickleWrapper,io.cucumber.testng.FeatureWrapper)[pri:0, instance:ds.algo.testrunner.DSAlgoTestRunner@39655d3e]" started-at="2023-04-12T22:05:52 EDT" name="runScenario" description="Runs Cucumber Scenarios" data-provider="scenarios" finished-at="2023-04-12T22:05:55 EDT" duration-ms="2712" status="PASS">
          <params>
            <param index="0">
              <value>
                <![CDATA["Validate the functionality of Applications page for invalid data"]]>
              </value>
            </param>
            <param index="1">
              <value>
                <![CDATA["Test the functionalites on Stack data structure page"]]>
              </value>
            </param>
          </params>
          <reporter-output>
          </reporter-output>
        </test-method> <!-- runScenario -->
        <test-method signature="runScenario(io.cucumber.testng.PickleWrapper,io.cucumber.testng.FeatureWrapper)[pri:0, instance:ds.algo.testrunner.DSAlgoTestRunner@39655d3e]" started-at="2023-04-12T22:05:55 EDT" name="runScenario" description="Runs Cucumber Scenarios" data-provider="scenarios" finished-at="2023-04-12T22:05:56 EDT" duration-ms="1193" status="PASS">
          <params>
            <param index="0">
              <value>
                <![CDATA["Validate the functionality of Applications page for valid data"]]>
              </value>
            </param>
            <param index="1">
              <value>
                <![CDATA["Test the functionalites on Stack data structure page"]]>
              </value>
            </param>
          </params>
          <reporter-output>
          </reporter-output>
        </test-method> <!-- runScenario -->
        <test-method signature="runScenario(io.cucumber.testng.PickleWrapper,io.cucumber.testng.FeatureWrapper)[pri:0, instance:ds.algo.testrunner.DSAlgoTestRunner@39655d3e]" started-at="2023-04-12T22:05:56 EDT" name="runScenario" description="Runs Cucumber Scenarios" data-provider="scenarios" finished-at="2023-04-12T22:05:57 EDT" duration-ms="317" status="PASS">
          <params>
            <param index="0">
              <value>
                <![CDATA["Validate user is able to navigate to home page using logo click"]]>
              </value>
            </param>
            <param index="1">
              <value>
                <![CDATA["Test the functionalites on Stack data structure page"]]>
              </value>
            </param>
          </params>
          <reporter-output>
          </reporter-output>
        </test-method> <!-- runScenario -->
        <test-method signature="runScenario(io.cucumber.testng.PickleWrapper,io.cucumber.testng.FeatureWrapper)[pri:0, instance:ds.algo.testrunner.DSAlgoTestRunner@39655d3e]" started-at="2023-04-12T22:05:57 EDT" name="runScenario" description="Runs Cucumber Scenarios" data-provider="scenarios" finished-at="2023-04-12T22:05:57 EDT" duration-ms="169" status="PASS">
          <params>
            <param index="0">
              <value>
                <![CDATA["Validate user is navigated to the Queue Data Structure page"]]>
              </value>
            </param>
            <param index="1">
              <value>
                <![CDATA["Test the functionalites on Queue Data structure page"]]>
              </value>
            </param>
          </params>
          <reporter-output>
          </reporter-output>
        </test-method> <!-- runScenario -->
        <test-method signature="runScenario(io.cucumber.testng.PickleWrapper,io.cucumber.testng.FeatureWrapper)[pri:0, instance:ds.algo.testrunner.DSAlgoTestRunner@39655d3e]" started-at="2023-04-12T22:05:57 EDT" name="runScenario" description="Runs Cucumber Scenarios" data-provider="scenarios" finished-at="2023-04-12T22:05:59 EDT" duration-ms="2705" status="PASS">
          <params>
            <param index="0">
              <value>
                <![CDATA["Validate the functionality of Implementation of Queue in Python page for invalid data"]]>
              </value>
            </param>
            <param index="1">
              <value>
                <![CDATA["Test the functionalites on Queue Data structure page"]]>
              </value>
            </param>
          </params>
          <reporter-output>
          </reporter-output>
        </test-method> <!-- runScenario -->
        <test-method signature="runScenario(io.cucumber.testng.PickleWrapper,io.cucumber.testng.FeatureWrapper)[pri:0, instance:ds.algo.testrunner.DSAlgoTestRunner@39655d3e]" started-at="2023-04-12T22:05:59 EDT" name="runScenario" description="Runs Cucumber Scenarios" data-provider="scenarios" finished-at="2023-04-12T22:06:01 EDT" duration-ms="1235" status="PASS">
          <params>
            <param index="0">
              <value>
                <![CDATA["Validate the functionality of Implementation of Queue in Python page for valid data"]]>
              </value>
            </param>
            <param index="1">
              <value>
                <![CDATA["Test the functionalites on Queue Data structure page"]]>
              </value>
            </param>
          </params>
          <reporter-output>
          </reporter-output>
        </test-method> <!-- runScenario -->
        <test-method signature="runScenario(io.cucumber.testng.PickleWrapper,io.cucumber.testng.FeatureWrapper)[pri:0, instance:ds.algo.testrunner.DSAlgoTestRunner@39655d3e]" started-at="2023-04-12T22:06:01 EDT" name="runScenario" description="Runs Cucumber Scenarios" data-provider="scenarios" finished-at="2023-04-12T22:06:04 EDT" duration-ms="2829" status="PASS">
          <params>
            <param index="0">
              <value>
                <![CDATA["Validate the functionality of Implementation using collections.deque page for invalid data"]]>
              </value>
            </param>
            <param index="1">
              <value>
                <![CDATA["Test the functionalites on Queue Data structure page"]]>
              </value>
            </param>
          </params>
          <reporter-output>
          </reporter-output>
        </test-method> <!-- runScenario -->
        <test-method signature="runScenario(io.cucumber.testng.PickleWrapper,io.cucumber.testng.FeatureWrapper)[pri:0, instance:ds.algo.testrunner.DSAlgoTestRunner@39655d3e]" started-at="2023-04-12T22:06:04 EDT" name="runScenario" description="Runs Cucumber Scenarios" data-provider="scenarios" finished-at="2023-04-12T22:06:05 EDT" duration-ms="1196" status="PASS">
          <params>
            <param index="0">
              <value>
                <![CDATA["Validate the functionality of Implementation using collections.deque page for valid data"]]>
              </value>
            </param>
            <param index="1">
              <value>
                <![CDATA["Test the functionalites on Queue Data structure page"]]>
              </value>
            </param>
          </params>
          <reporter-output>
          </reporter-output>
        </test-method> <!-- runScenario -->
        <test-method signature="runScenario(io.cucumber.testng.PickleWrapper,io.cucumber.testng.FeatureWrapper)[pri:0, instance:ds.algo.testrunner.DSAlgoTestRunner@39655d3e]" started-at="2023-04-12T22:06:05 EDT" name="runScenario" description="Runs Cucumber Scenarios" data-provider="scenarios" finished-at="2023-04-12T22:06:07 EDT" duration-ms="2681" status="PASS">
          <params>
            <param index="0">
              <value>
                <![CDATA["Validate the functionality of Implementation using array page for invalid data"]]>
              </value>
            </param>
            <param index="1">
              <value>
                <![CDATA["Test the functionalites on Queue Data structure page"]]>
              </value>
            </param>
          </params>
          <reporter-output>
          </reporter-output>
        </test-method> <!-- runScenario -->
        <test-method signature="runScenario(io.cucumber.testng.PickleWrapper,io.cucumber.testng.FeatureWrapper)[pri:0, instance:ds.algo.testrunner.DSAlgoTestRunner@39655d3e]" started-at="2023-04-12T22:06:07 EDT" name="runScenario" description="Runs Cucumber Scenarios" data-provider="scenarios" finished-at="2023-04-12T22:06:09 EDT" duration-ms="1193" status="PASS">
          <params>
            <param index="0">
              <value>
                <![CDATA["Validate the functionality of Implementation using array page for valid data"]]>
              </value>
            </param>
            <param index="1">
              <value>
                <![CDATA["Test the functionalites on Queue Data structure page"]]>
              </value>
            </param>
          </params>
          <reporter-output>
          </reporter-output>
        </test-method> <!-- runScenario -->
        <test-method signature="runScenario(io.cucumber.testng.PickleWrapper,io.cucumber.testng.FeatureWrapper)[pri:0, instance:ds.algo.testrunner.DSAlgoTestRunner@39655d3e]" started-at="2023-04-12T22:06:09 EDT" name="runScenario" description="Runs Cucumber Scenarios" data-provider="scenarios" finished-at="2023-04-12T22:06:11 EDT" duration-ms="2703" status="PASS">
          <params>
            <param index="0">
              <value>
                <![CDATA["Validate the functionality of Queue Operations page for invalid data"]]>
              </value>
            </param>
            <param index="1">
              <value>
                <![CDATA["Test the functionalites on Queue Data structure page"]]>
              </value>
            </param>
          </params>
          <reporter-output>
          </reporter-output>
        </test-method> <!-- runScenario -->
        <test-method signature="runScenario(io.cucumber.testng.PickleWrapper,io.cucumber.testng.FeatureWrapper)[pri:0, instance:ds.algo.testrunner.DSAlgoTestRunner@39655d3e]" started-at="2023-04-12T22:06:11 EDT" name="runScenario" description="Runs Cucumber Scenarios" data-provider="scenarios" finished-at="2023-04-12T22:06:13 EDT" duration-ms="1185" status="PASS">
          <params>
            <param index="0">
              <value>
                <![CDATA["Validate the functionality of Queue Operations page for valid data"]]>
              </value>
            </param>
            <param index="1">
              <value>
                <![CDATA["Test the functionalites on Queue Data structure page"]]>
              </value>
            </param>
          </params>
          <reporter-output>
          </reporter-output>
        </test-method> <!-- runScenario -->
        <test-method signature="runScenario(io.cucumber.testng.PickleWrapper,io.cucumber.testng.FeatureWrapper)[pri:0, instance:ds.algo.testrunner.DSAlgoTestRunner@39655d3e]" started-at="2023-04-12T22:06:13 EDT" name="runScenario" description="Runs Cucumber Scenarios" data-provider="scenarios" finished-at="2023-04-12T22:06:13 EDT" duration-ms="313" status="PASS">
          <params>
            <param index="0">
              <value>
                <![CDATA["Validate user is able to navigate to home page using logo click"]]>
              </value>
            </param>
            <param index="1">
              <value>
                <![CDATA["Test the functionalites on Queue Data structure page"]]>
              </value>
            </param>
          </params>
          <reporter-output>
          </reporter-output>
        </test-method> <!-- runScenario -->
        <test-method signature="runScenario(io.cucumber.testng.PickleWrapper,io.cucumber.testng.FeatureWrapper)[pri:0, instance:ds.algo.testrunner.DSAlgoTestRunner@39655d3e]" started-at="2023-04-12T22:06:13 EDT" name="runScenario" description="Runs Cucumber Scenarios" data-provider="scenarios" finished-at="2023-04-12T22:06:13 EDT" duration-ms="322" status="PASS">
          <params>
            <param index="0">
              <value>
                <![CDATA["User is able to launch the Tree HomePage successfully when logged in"]]>
              </value>
            </param>
            <param index="1">
              <value>
                <![CDATA["Test Tree Page features"]]>
              </value>
            </param>
          </params>
          <reporter-output>
          </reporter-output>
        </test-method> <!-- runScenario -->
        <test-method signature="runScenario(io.cucumber.testng.PickleWrapper,io.cucumber.testng.FeatureWrapper)[pri:0, instance:ds.algo.testrunner.DSAlgoTestRunner@39655d3e]" started-at="2023-04-12T22:06:13 EDT" name="runScenario" description="Runs Cucumber Scenarios" data-provider="scenarios" finished-at="2023-04-12T22:06:16 EDT" duration-ms="2770" status="PASS">
          <params>
            <param index="0">
              <value>
                <![CDATA["User is able to navigate to Overview of Trees Page"]]>
              </value>
            </param>
            <param index="1">
              <value>
                <![CDATA["Test Tree Page features"]]>
              </value>
            </param>
          </params>
          <reporter-output>
          </reporter-output>
        </test-method> <!-- runScenario -->
        <test-method signature="runScenario(io.cucumber.testng.PickleWrapper,io.cucumber.testng.FeatureWrapper)[pri:0, instance:ds.algo.testrunner.DSAlgoTestRunner@39655d3e]" started-at="2023-04-12T22:06:16 EDT" name="runScenario" description="Runs Cucumber Scenarios" data-provider="scenarios" finished-at="2023-04-12T22:06:19 EDT" duration-ms="2757" status="PASS">
          <params>
            <param index="0">
              <value>
                <![CDATA["User is able to navigate to Terminologies Page"]]>
              </value>
            </param>
            <param index="1">
              <value>
                <![CDATA["Test Tree Page features"]]>
              </value>
            </param>
          </params>
          <reporter-output>
          </reporter-output>
        </test-method> <!-- runScenario -->
        <test-method signature="runScenario(io.cucumber.testng.PickleWrapper,io.cucumber.testng.FeatureWrapper)[pri:0, instance:ds.algo.testrunner.DSAlgoTestRunner@39655d3e]" started-at="2023-04-12T22:06:19 EDT" name="runScenario" description="Runs Cucumber Scenarios" data-provider="scenarios" finished-at="2023-04-12T22:06:21 EDT" duration-ms="2783" status="PASS">
          <params>
            <param index="0">
              <value>
                <![CDATA["User is able to navigate to Types of Trees Page"]]>
              </value>
            </param>
            <param index="1">
              <value>
                <![CDATA["Test Tree Page features"]]>
              </value>
            </param>
          </params>
          <reporter-output>
          </reporter-output>
        </test-method> <!-- runScenario -->
        <test-method signature="runScenario(io.cucumber.testng.PickleWrapper,io.cucumber.testng.FeatureWrapper)[pri:0, instance:ds.algo.testrunner.DSAlgoTestRunner@39655d3e]" started-at="2023-04-12T22:06:21 EDT" name="runScenario" description="Runs Cucumber Scenarios" data-provider="scenarios" finished-at="2023-04-12T22:06:24 EDT" duration-ms="2830" status="PASS">
          <params>
            <param index="0">
              <value>
                <![CDATA["User is able to navigate to Tree Traversals Page"]]>
              </value>
            </param>
            <param index="1">
              <value>
                <![CDATA["Test Tree Page features"]]>
              </value>
            </param>
          </params>
          <reporter-output>
          </reporter-output>
        </test-method> <!-- runScenario -->
        <test-method signature="runScenario(io.cucumber.testng.PickleWrapper,io.cucumber.testng.FeatureWrapper)[pri:0, instance:ds.algo.testrunner.DSAlgoTestRunner@39655d3e]" started-at="2023-04-12T22:06:24 EDT" name="runScenario" description="Runs Cucumber Scenarios" data-provider="scenarios" finished-at="2023-04-12T22:06:27 EDT" duration-ms="2764" status="PASS">
          <params>
            <param index="0">
              <value>
                <![CDATA["User is able to navigate to Traversals-Illustration Page"]]>
              </value>
            </param>
            <param index="1">
              <value>
                <![CDATA["Test Tree Page features"]]>
              </value>
            </param>
          </params>
          <reporter-output>
          </reporter-output>
        </test-method> <!-- runScenario -->
        <test-method signature="runScenario(io.cucumber.testng.PickleWrapper,io.cucumber.testng.FeatureWrapper)[pri:0, instance:ds.algo.testrunner.DSAlgoTestRunner@39655d3e]" started-at="2023-04-12T22:06:27 EDT" name="runScenario" description="Runs Cucumber Scenarios" data-provider="scenarios" finished-at="2023-04-12T22:06:30 EDT" duration-ms="2810" status="PASS">
          <params>
            <param index="0">
              <value>
                <![CDATA["User is able to navigate to Binary Trees Page"]]>
              </value>
            </param>
            <param index="1">
              <value>
                <![CDATA["Test Tree Page features"]]>
              </value>
            </param>
          </params>
          <reporter-output>
          </reporter-output>
        </test-method> <!-- runScenario -->
        <test-method signature="runScenario(io.cucumber.testng.PickleWrapper,io.cucumber.testng.FeatureWrapper)[pri:0, instance:ds.algo.testrunner.DSAlgoTestRunner@39655d3e]" started-at="2023-04-12T22:06:30 EDT" name="runScenario" description="Runs Cucumber Scenarios" data-provider="scenarios" finished-at="2023-04-12T22:06:33 EDT" duration-ms="3004" status="PASS">
          <params>
            <param index="0">
              <value>
                <![CDATA["User is able to navigate to Types of Binary Trees Page"]]>
              </value>
            </param>
            <param index="1">
              <value>
                <![CDATA["Test Tree Page features"]]>
              </value>
            </param>
          </params>
          <reporter-output>
          </reporter-output>
        </test-method> <!-- runScenario -->
        <test-method signature="runScenario(io.cucumber.testng.PickleWrapper,io.cucumber.testng.FeatureWrapper)[pri:0, instance:ds.algo.testrunner.DSAlgoTestRunner@39655d3e]" started-at="2023-04-12T22:06:33 EDT" name="runScenario" description="Runs Cucumber Scenarios" data-provider="scenarios" finished-at="2023-04-12T22:06:36 EDT" duration-ms="2725" status="PASS">
          <params>
            <param index="0">
              <value>
                <![CDATA["User is able to navigate to Implementation in Python Page"]]>
              </value>
            </param>
            <param index="1">
              <value>
                <![CDATA["Test Tree Page features"]]>
              </value>
            </param>
          </params>
          <reporter-output>
          </reporter-output>
        </test-method> <!-- runScenario -->
        <test-method signature="runScenario(io.cucumber.testng.PickleWrapper,io.cucumber.testng.FeatureWrapper)[pri:0, instance:ds.algo.testrunner.DSAlgoTestRunner@39655d3e]" started-at="2023-04-12T22:06:36 EDT" name="runScenario" description="Runs Cucumber Scenarios" data-provider="scenarios" finished-at="2023-04-12T22:06:38 EDT" duration-ms="2808" status="PASS">
          <params>
            <param index="0">
              <value>
                <![CDATA["User is able to navigate to Binary Tree Traversals Page"]]>
              </value>
            </param>
            <param index="1">
              <value>
                <![CDATA["Test Tree Page features"]]>
              </value>
            </param>
          </params>
          <reporter-output>
          </reporter-output>
        </test-method> <!-- runScenario -->
        <test-method signature="runScenario(io.cucumber.testng.PickleWrapper,io.cucumber.testng.FeatureWrapper)[pri:0, instance:ds.algo.testrunner.DSAlgoTestRunner@39655d3e]" started-at="2023-04-12T22:06:38 EDT" name="runScenario" description="Runs Cucumber Scenarios" data-provider="scenarios" finished-at="2023-04-12T22:06:41 EDT" duration-ms="2761" status="PASS">
          <params>
            <param index="0">
              <value>
                <![CDATA["User is able to navigate to Implementation of Binary Trees Page"]]>
              </value>
            </param>
            <param index="1">
              <value>
                <![CDATA["Test Tree Page features"]]>
              </value>
            </param>
          </params>
          <reporter-output>
          </reporter-output>
        </test-method> <!-- runScenario -->
        <test-method signature="runScenario(io.cucumber.testng.PickleWrapper,io.cucumber.testng.FeatureWrapper)[pri:0, instance:ds.algo.testrunner.DSAlgoTestRunner@39655d3e]" started-at="2023-04-12T22:06:41 EDT" name="runScenario" description="Runs Cucumber Scenarios" data-provider="scenarios" finished-at="2023-04-12T22:06:44 EDT" duration-ms="2966" status="PASS">
          <params>
            <param index="0">
              <value>
                <![CDATA["User is able to navigate to Applications of Binary trees Page"]]>
              </value>
            </param>
            <param index="1">
              <value>
                <![CDATA["Test Tree Page features"]]>
              </value>
            </param>
          </params>
          <reporter-output>
          </reporter-output>
        </test-method> <!-- runScenario -->
        <test-method signature="runScenario(io.cucumber.testng.PickleWrapper,io.cucumber.testng.FeatureWrapper)[pri:0, instance:ds.algo.testrunner.DSAlgoTestRunner@39655d3e]" started-at="2023-04-12T22:06:44 EDT" name="runScenario" description="Runs Cucumber Scenarios" data-provider="scenarios" finished-at="2023-04-12T22:06:47 EDT" duration-ms="2984" status="PASS">
          <params>
            <param index="0">
              <value>
                <![CDATA["User is able to navigate to Binary Search TreesPage"]]>
              </value>
            </param>
            <param index="1">
              <value>
                <![CDATA["Test Tree Page features"]]>
              </value>
            </param>
          </params>
          <reporter-output>
          </reporter-output>
        </test-method> <!-- runScenario -->
        <test-method signature="runScenario(io.cucumber.testng.PickleWrapper,io.cucumber.testng.FeatureWrapper)[pri:0, instance:ds.algo.testrunner.DSAlgoTestRunner@39655d3e]" started-at="2023-04-12T22:06:47 EDT" name="runScenario" description="Runs Cucumber Scenarios" data-provider="scenarios" finished-at="2023-04-12T22:06:50 EDT" duration-ms="2763" status="PASS">
          <params>
            <param index="0">
              <value>
                <![CDATA["User is able to navigate to Implementation Of BST Page"]]>
              </value>
            </param>
            <param index="1">
              <value>
                <![CDATA["Test Tree Page features"]]>
              </value>
            </param>
          </params>
          <reporter-output>
          </reporter-output>
        </test-method> <!-- runScenario -->
        <test-method signature="runScenario(io.cucumber.testng.PickleWrapper,io.cucumber.testng.FeatureWrapper)[pri:0, instance:ds.algo.testrunner.DSAlgoTestRunner@39655d3e]" started-at="2023-04-12T22:06:50 EDT" name="runScenario" description="Runs Cucumber Scenarios" data-provider="scenarios" finished-at="2023-04-12T22:06:53 EDT" duration-ms="3046" status="PASS">
          <params>
            <param index="0">
              <value>
                <![CDATA["User is able to run invalid code in tryEditor with error message"]]>
              </value>
            </param>
            <param index="1">
              <value>
                <![CDATA["Test Tree Page features"]]>
              </value>
            </param>
          </params>
          <reporter-output>
          </reporter-output>
        </test-method> <!-- runScenario -->
        <test-method signature="runScenario(io.cucumber.testng.PickleWrapper,io.cucumber.testng.FeatureWrapper)[pri:0, instance:ds.algo.testrunner.DSAlgoTestRunner@39655d3e]" started-at="2023-04-12T22:06:53 EDT" name="runScenario" description="Runs Cucumber Scenarios" data-provider="scenarios" finished-at="2023-04-12T22:06:53 EDT" duration-ms="150" status="PASS">
          <params>
            <param index="0">
              <value>
                <![CDATA["User navigate to Graph page from home page"]]>
              </value>
            </param>
            <param index="1">
              <value>
                <![CDATA["Validate Graph"]]>
              </value>
            </param>
          </params>
          <reporter-output>
          </reporter-output>
        </test-method> <!-- runScenario -->
        <test-method signature="runScenario(io.cucumber.testng.PickleWrapper,io.cucumber.testng.FeatureWrapper)[pri:0, instance:ds.algo.testrunner.DSAlgoTestRunner@39655d3e]" started-at="2023-04-12T22:06:53 EDT" name="runScenario" description="Runs Cucumber Scenarios" data-provider="scenarios" finished-at="2023-04-12T22:06:54 EDT" duration-ms="496" status="PASS">
          <params>
            <param index="0">
              <value>
                <![CDATA["User navigate from Graph page to text editor"]]>
              </value>
            </param>
            <param index="1">
              <value>
                <![CDATA["Validate Graph"]]>
              </value>
            </param>
          </params>
          <reporter-output>
          </reporter-output>
        </test-method> <!-- runScenario -->
        <test-method signature="runScenario(io.cucumber.testng.PickleWrapper,io.cucumber.testng.FeatureWrapper)[pri:0, instance:ds.algo.testrunner.DSAlgoTestRunner@39655d3e]" started-at="2023-04-12T22:06:54 EDT" name="runScenario" description="Runs Cucumber Scenarios" data-provider="scenarios" finished-at="2023-04-12T22:06:56 EDT" duration-ms="1886" status="PASS">
          <params>
            <param index="0">
              <value>
                <![CDATA["User navigate from Graph Representations to text editor with invalid code"]]>
              </value>
            </param>
            <param index="1">
              <value>
                <![CDATA["Validate Graph"]]>
              </value>
            </param>
          </params>
          <reporter-output>
          </reporter-output>
        </test-method> <!-- runScenario -->
        <test-method signature="runScenario(io.cucumber.testng.PickleWrapper,io.cucumber.testng.FeatureWrapper)[pri:0, instance:ds.algo.testrunner.DSAlgoTestRunner@39655d3e]" started-at="2023-04-12T22:06:56 EDT" name="runScenario" description="Runs Cucumber Scenarios" data-provider="scenarios" finished-at="2023-04-12T22:06:57 EDT" duration-ms="1867" status="PASS">
          <params>
            <param index="0">
              <value>
                <![CDATA["User navigate from Graph Representations to text editor"]]>
              </value>
            </param>
            <param index="1">
              <value>
                <![CDATA["Validate Graph"]]>
              </value>
            </param>
          </params>
          <reporter-output>
          </reporter-output>
        </test-method> <!-- runScenario -->
        <test-method is-config="true" signature="tearDownClass()[pri:0, instance:ds.algo.testrunner.DSAlgoTestRunner@39655d3e]" started-at="2023-04-12T22:06:57 EDT" name="tearDownClass" finished-at="2023-04-12T22:07:02 EDT" duration-ms="4175" status="PASS">
          <reporter-output>
          </reporter-output>
        </test-method> <!-- tearDownClass -->
      </class> <!-- ds.algo.testrunner.DSAlgoTestRunner -->
    </test> <!-- Default test -->
  </suite> <!-- Default suite -->
</testng-results>
